# JRE version: OpenJDK Runtime Environment Temurin-21.0.6+7 (21.0.6+7) (build 21.0.6+7-LTS)
# Java VM: OpenJDK 64-Bit Server VM Temurin-21.0.6+7 (21.0.6+7-LTS, mixed mode, emulated-client, sharing, tiered, compressed oops, compressed class ptrs, g1 gc, windows-amd64)
GC Precious Log:
 CardTable entry size: 512
 Card Set container configuration: InlinePtr #cards 5 size 8 Array Of Cards #cards 12 size 40 Howl #buckets 4 coarsen threshold 1843 Howl Bitmap #cards 512 size 80 coarsen threshold 460 Card regions per heap region 1 cards per card region 2048
 CPUs: 4 total, 4 available
 Memory: 8026M
 Large Page Support: Disabled
 NUMA Support: Disabled
 Compressed Oops: Enabled (32-bit)
 Heap Region Size: 1M
 Heap Min Capacity: 8M
 Heap Initial Capacity: 126M
 Heap Max Capacity: 2008M
 Pre-touch: Disabled
 Parallel Workers: 4
 Concurrent Workers: 1
 Concurrent Refinement Workers: 4
 Periodic GC: Disabled
Heap:
 garbage-first heap   total 56320K, used 47078K [0x0000000082800000, 0x0000000100000000)
  region size 1024K, 16 young (16384K), 1 survivors (1024K)
 Metaspace       used 68069K, committed 68800K, reserved 1114112K
  class space    used 9781K, committed 10112K, reserved 1048576K
GC Heap History (20 events):
Event: 21.333 GC heap before
{Heap before GC invocations=12 (full 0):
 garbage-first heap   total 51200K, used 44094K [0x0000000082800000, 0x0000000100000000)
  region size 1024K, 22 young (22528K), 2 survivors (2048K)
 Metaspace       used 46326K, committed 46912K, reserved 1114112K
  class space    used 6489K, committed 6720K, reserved 1048576K
}
Event: 21.339 GC heap after
{Heap after GC invocations=13 (full 0):
 garbage-first heap   total 51200K, used 24711K [0x0000000082800000, 0x0000000100000000)
  region size 1024K, 3 young (3072K), 3 survivors (3072K)
 Metaspace       used 46326K, committed 46912K, reserved 1114112K
  class space    used 6489K, committed 6720K, reserved 1048576K
}
Event: 22.131 GC heap before
{Heap before GC invocations=13 (full 0):
 garbage-first heap   total 51200K, used 43143K [0x0000000082800000, 0x0000000100000000)
  region size 1024K, 22 young (22528K), 3 survivors (3072K)
 Metaspace       used 51211K, committed 51840K, reserved 1114112K
  class space    used 7223K, committed 7488K, reserved 1048576K
}
Event: 22.136 GC heap after
{Heap after GC invocations=14 (full 0):
 garbage-first heap   total 51200K, used 25756K [0x0000000082800000, 0x0000000100000000)
  region size 1024K, 3 young (3072K), 3 survivors (3072K)
 Metaspace       used 51211K, committed 51840K, reserved 1114112K
  class space    used 7223K, committed 7488K, reserved 1048576K
}
Event: 22.960 GC heap before
{Heap before GC invocations=14 (full 0):
 garbage-first heap   total 51200K, used 44188K [0x0000000082800000, 0x0000000100000000)
  region size 1024K, 21 young (21504K), 3 survivors (3072K)
 Metaspace       used 54654K, committed 55296K, reserved 1114112K
  class space    used 7786K, committed 8064K, reserved 1048576K
}
Event: 22.965 GC heap after
{Heap after GC invocations=15 (full 0):
 garbage-first heap   total 51200K, used 26440K [0x0000000082800000, 0x0000000100000000)
  region size 1024K, 2 young (2048K), 2 survivors (2048K)
 Metaspace       used 54654K, committed 55296K, reserved 1114112K
  class space    used 7786K, committed 8064K, reserved 1048576K
}
Event: 25.265 GC heap before
{Heap before GC invocations=16 (full 0):
 garbage-first heap   total 51200K, used 43848K [0x0000000082800000, 0x0000000100000000)
  region size 1024K, 20 young (20480K), 2 survivors (2048K)
 Metaspace       used 58026K, committed 58688K, reserved 1114112K
  class space    used 8357K, committed 8640K, reserved 1048576K
}
Event: 25.271 GC heap after
{Heap after GC invocations=17 (full 0):
 garbage-first heap   total 51200K, used 27549K [0x0000000082800000, 0x0000000100000000)
  region size 1024K, 2 young (2048K), 2 survivors (2048K)
 Metaspace       used 58026K, committed 58688K, reserved 1114112K
  class space    used 8357K, committed 8640K, reserved 1048576K
}
Event: 26.289 GC heap before
{Heap before GC invocations=17 (full 0):
 garbage-first heap   total 51200K, used 43933K [0x0000000082800000, 0x0000000100000000)
  region size 1024K, 19 young (19456K), 2 survivors (2048K)
 Metaspace       used 61588K, committed 62336K, reserved 1114112K
  class space    used 8819K, committed 9152K, reserved 1048576K
}
Event: 26.297 GC heap after
{Heap after GC invocations=18 (full 0):
 garbage-first heap   total 51200K, used 28720K [0x0000000082800000, 0x0000000100000000)
  region size 1024K, 3 young (3072K), 3 survivors (3072K)
 Metaspace       used 61588K, committed 62336K, reserved 1114112K
  class space    used 8819K, committed 9152K, reserved 1048576K
}
Event: 27.044 GC heap before
{Heap before GC invocations=18 (full 0):
 garbage-first heap   total 51200K, used 44080K [0x0000000082800000, 0x0000000100000000)
  region size 1024K, 18 young (18432K), 3 survivors (3072K)
 Metaspace       used 62024K, committed 62784K, reserved 1114112K
  class space    used 8871K, committed 9216K, reserved 1048576K
}
Event: 27.052 GC heap after
{Heap after GC invocations=19 (full 0):
 garbage-first heap   total 51200K, used 29667K [0x0000000082800000, 0x0000000100000000)
  region size 1024K, 3 young (3072K), 3 survivors (3072K)
 Metaspace       used 62024K, committed 62784K, reserved 1114112K
  class space    used 8871K, committed 9216K, reserved 1048576K
}
Event: 27.770 GC heap before
{Heap before GC invocations=20 (full 0):
 garbage-first heap   total 51200K, used 44003K [0x0000000082800000, 0x0000000100000000)
  region size 1024K, 17 young (17408K), 3 survivors (3072K)
 Metaspace       used 63026K, committed 63808K, reserved 1114112K
  class space    used 9048K, committed 9408K, reserved 1048576K
}
Event: 27.776 GC heap after
{Heap after GC invocations=21 (full 0):
 garbage-first heap   total 51200K, used 30691K [0x0000000082800000, 0x0000000100000000)
  region size 1024K, 2 young (2048K), 2 survivors (2048K)
 Metaspace       used 63026K, committed 63808K, reserved 1114112K
  class space    used 9048K, committed 9408K, reserved 1048576K
}
Event: 28.958 GC heap before
{Heap before GC invocations=21 (full 0):
 garbage-first heap   total 51200K, used 45027K [0x0000000082800000, 0x0000000100000000)
  region size 1024K, 16 young (16384K), 2 survivors (2048K)
 Metaspace       used 64145K, committed 64896K, reserved 1114112K
  class space    used 9199K, committed 9536K, reserved 1048576K
}
Event: 28.965 GC heap after
{Heap after GC invocations=22 (full 0):
 garbage-first heap   total 51200K, used 31555K [0x0000000082800000, 0x0000000100000000)
  region size 1024K, 2 young (2048K), 2 survivors (2048K)
 Metaspace       used 64145K, committed 64896K, reserved 1114112K
  class space    used 9199K, committed 9536K, reserved 1048576K
}
Event: 29.677 GC heap before
{Heap before GC invocations=22 (full 0):
 garbage-first heap   total 51200K, used 45891K [0x0000000082800000, 0x0000000100000000)
  region size 1024K, 16 young (16384K), 2 survivors (2048K)
 Metaspace       used 65078K, committed 65856K, reserved 1114112K
  class space    used 9367K, committed 9728K, reserved 1048576K
}
Event: 29.684 GC heap after
{Heap after GC invocations=23 (full 0):
 garbage-first heap   total 51200K, used 32882K [0x0000000082800000, 0x0000000100000000)
  region size 1024K, 2 young (2048K), 2 survivors (2048K)
 Metaspace       used 65078K, committed 65856K, reserved 1114112K
  class space    used 9367K, committed 9728K, reserved 1048576K
}
Event: 30.320 GC heap before
{Heap before GC invocations=24 (full 0):
 garbage-first heap   total 56320K, used 44146K [0x0000000082800000, 0x0000000100000000)
  region size 1024K, 13 young (13312K), 2 survivors (2048K)
 Metaspace       used 66055K, committed 66752K, reserved 1114112K
  class space    used 9500K, committed 9856K, reserved 1048576K
}
Event: 30.326 GC heap after
{Heap after GC invocations=25 (full 0):
 garbage-first heap   total 56320K, used 33766K [0x0000000082800000, 0x0000000100000000)
  region size 1024K, 1 young (1024K), 1 survivors (1024K)
 Metaspace       used 66055K, committed 66752K, reserved 1114112K
  class space    used 9500K, committed 9856K, reserved 1048576K
}

